<?xml version="1.0" encoding="UTF-8"?>
<testsuite xmlns:xsi="http://www.w3.org/2001/XMLSchema-instance" xsi:noNamespaceSchemaLocation="https://maven.apache.org/surefire/maven-surefire-plugin/xsd/surefire-test-report-3.0.xsd" version="3.0" name="nix.TestBulder" time="0.11" tests="8" errors="0" skipped="0" failures="0">
  <properties>
[...]
</properties>
  <testcase name="checkMarsAccelerationOfGravity" classname="nix.TestBulder" time="0.063"/>
  <testcase name="checkEarthAccelerationOfGravity" classname="nix.TestBulder" time="0"/>
  <testcase name="checkJupiterAccelerationOfGravity" classname="nix.TestBulder" time="0"/>
  <testcase name="checkVenusAccelerationOfGravity" classname="nix.TestBulder" time="0.015"/>
  <testcase name="checkSaturnAccelerationOfGravity" classname="nix.TestBulder" time="0"/>
  <testcase name="checkMercuryAccelerationOfGravity" classname="nix.TestBulder" time="0"/>
  <testcase name="checkNeptuneAccelerationOfGravity" classname="nix.TestBulder" time="0.016"/>
  <testcase name="checkUranusAccelerationOfGravity" classname="nix.TestBulder" time="0"/>
</testsuite>